TN:
SF:M:\UNIVERSIDAD\TFG\2019-LicenseManager\frontend\src\polyfills.ts
FNF:0
FNH:0
LF:0
LH:0
BRF:0
BRH:0
end_of_record
TN:
SF:M:\UNIVERSIDAD\TFG\2019-LicenseManager\frontend\src\test.ts
FNF:0
FNH:0
DA:13,1
DA:18,1
DA:20,1
LF:3
LH:3
BRF:0
BRH:0
end_of_record
TN:
SF:M:\UNIVERSIDAD\TFG\2019-LicenseManager\frontend\src\app\app.service.ts
FN:8,(anonymous_0)
FN:11,AppService
FN:13,(anonymous_2)
FN:18,(anonymous_3)
FN:23,(anonymous_4)
FNF:5
FNH:1
FNDA:1,(anonymous_0)
FNDA:0,AppService
FNDA:0,(anonymous_2)
FNDA:0,(anonymous_3)
FNDA:0,(anonymous_4)
DA:4,1
DA:8,1
DA:11,0
DA:12,0
DA:13,0
DA:18,1
DA:19,0
DA:20,0
DA:23,1
DA:24,0
DA:25,0
DA:27,1
LF:12
LH:5
BRF:0
BRH:0
end_of_record
TN:
SF:M:\UNIVERSIDAD\TFG\2019-LicenseManager\frontend\src\app\catalog\catalog.component.ts
FN:13,(anonymous_0)
FN:19,CatalogComponent
FN:21,(anonymous_2)
FN:22,(anonymous_3)
FN:26,(anonymous_4)
FN:30,(anonymous_5)
FN:32,(anonymous_6)
FN:33,(anonymous_7)
FN:37,(anonymous_8)
FNF:9
FNH:3
FNDA:1,(anonymous_0)
FNDA:1,CatalogComponent
FNDA:1,(anonymous_2)
FNDA:0,(anonymous_3)
FNDA:0,(anonymous_4)
FNDA:0,(anonymous_5)
FNDA:0,(anonymous_6)
FNDA:0,(anonymous_7)
FNDA:0,(anonymous_8)
DA:6,1
DA:13,1
DA:17,1
DA:18,1
DA:19,1
DA:20,1
DA:21,1
DA:22,0
DA:26,1
DA:27,0
DA:30,1
DA:31,0
DA:32,0
DA:33,0
DA:37,1
DA:38,0
DA:41,1
LF:17
LH:11
BRF:0
BRH:0
end_of_record
TN:
SF:M:\UNIVERSIDAD\TFG\2019-LicenseManager\frontend\src\app\catalog\catalog-product\catalog-product.component.ts
FN:26,(anonymous_0)
FN:54,CatalogProductComponent
FN:61,(anonymous_2)
FN:67,(anonymous_3)
FN:72,(anonymous_4)
FN:76,(anonymous_5)
FN:89,(anonymous_6)
FN:90,(anonymous_7)
FN:110,(anonymous_8)
FN:111,(anonymous_9)
FN:127,(anonymous_10)
FN:138,(anonymous_11)
FN:142,(anonymous_12)
FN:146,(anonymous_13)
FN:156,(anonymous_14)
FN:160,(anonymous_15)
FN:176,(anonymous_16)
FN:187,(anonymous_17)
FN:191,(anonymous_18)
FN:197,(anonymous_19)
FN:200,(anonymous_20)
FN:214,(anonymous_21)
FN:217,(anonymous_22)
FN:221,(anonymous_23)
FN:226,(anonymous_24)
FN:231,(anonymous_25)
FN:233,(anonymous_26)
FN:234,(anonymous_27)
FN:237,(anonymous_28)
FN:327,(anonymous_29)
FN:344,(anonymous_30)
FN:346,(anonymous_31)
FN:347,(anonymous_32)
FN:351,(anonymous_33)
FN:361,(anonymous_34)
FN:372,(anonymous_35)
FN:376,(anonymous_36)
FN:380,(anonymous_37)
FN:389,(anonymous_38)
FN:393,(anonymous_39)
FN:395,(anonymous_40)
FN:409,(anonymous_41)
FNF:42
FNH:31
FNDA:1,(anonymous_0)
FNDA:20,CatalogProductComponent
FNDA:1,(anonymous_2)
FNDA:20,(anonymous_3)
FNDA:20,(anonymous_4)
FNDA:20,(anonymous_5)
FNDA:1,(anonymous_6)
FNDA:1,(anonymous_7)
FNDA:1,(anonymous_8)
FNDA:1,(anonymous_9)
FNDA:0,(anonymous_10)
FNDA:4,(anonymous_11)
FNDA:1,(anonymous_12)
FNDA:0,(anonymous_13)
FNDA:3,(anonymous_14)
FNDA:2,(anonymous_15)
FNDA:0,(anonymous_16)
FNDA:0,(anonymous_17)
FNDA:5,(anonymous_18)
FNDA:3,(anonymous_19)
FNDA:1,(anonymous_20)
FNDA:4,(anonymous_21)
FNDA:1,(anonymous_22)
FNDA:0,(anonymous_23)
FNDA:3,(anonymous_24)
FNDA:2,(anonymous_25)
FNDA:1,(anonymous_26)
FNDA:1,(anonymous_27)
FNDA:1,(anonymous_28)
FNDA:1,(anonymous_29)
FNDA:20,(anonymous_30)
FNDA:19,(anonymous_31)
FNDA:0,(anonymous_32)
FNDA:1,(anonymous_33)
FNDA:20,(anonymous_34)
FNDA:1,(anonymous_35)
FNDA:1,(anonymous_36)
FNDA:0,(anonymous_37)
FNDA:0,(anonymous_38)
FNDA:0,(anonymous_39)
FNDA:0,(anonymous_40)
FNDA:0,(anonymous_41)
DA:18,1
DA:26,1
DA:40,20
DA:41,20
DA:42,20
DA:48,20
DA:54,20
DA:58,20
DA:61,1
DA:62,1
DA:67,20
DA:68,20
DA:69,20
DA:70,20
DA:72,20
DA:73,20
DA:75,20
DA:76,20
DA:77,20
DA:78,20
DA:79,20
DA:80,20
DA:81,19
DA:84,19
DA:85,19
DA:86,2
DA:88,2
DA:89,1
DA:91,1
DA:92,1
DA:93,1
DA:99,19
DA:100,19
DA:101,3
DA:102,3
DA:103,3
DA:104,0
DA:106,3
DA:108,3
DA:109,3
DA:110,1
DA:112,1
DA:113,1
DA:114,1
DA:119,18
DA:120,18
DA:121,18
DA:127,0
DA:129,20
DA:130,20
DA:138,4
DA:140,4
DA:141,1
DA:143,1
DA:144,1
DA:146,0
DA:150,3
DA:151,1
DA:153,2
DA:155,3
DA:157,3
DA:158,2
DA:159,2
DA:161,2
DA:162,2
DA:163,1
DA:164,1
DA:165,1
DA:166,1
DA:167,1
DA:169,1
DA:170,1
DA:171,1
DA:172,1
DA:173,1
DA:176,0
DA:179,1
DA:187,1
DA:188,0
DA:191,1
DA:192,5
DA:193,5
DA:197,3
DA:198,3
DA:199,1
DA:201,1
DA:202,1
DA:206,2
DA:207,1
DA:209,1
DA:214,4
DA:215,4
DA:216,1
DA:218,1
DA:219,1
DA:221,0
DA:225,3
DA:227,3
DA:228,3
DA:229,3
DA:230,3
DA:232,2
DA:233,1
DA:234,1
DA:236,2
DA:237,1
DA:327,1
DA:328,1
DA:329,1
DA:330,1
DA:331,1
DA:332,1
DA:333,1
DA:334,1
DA:335,1
DA:336,1
DA:337,1
DA:338,1
DA:339,1
DA:340,1
DA:341,1
DA:344,20
DA:345,20
DA:346,19
DA:347,0
DA:351,1
DA:352,1
DA:361,1
DA:362,20
DA:363,1
DA:364,1
DA:365,1
DA:366,1
DA:367,1
DA:372,1
DA:373,1
DA:374,1
DA:375,1
DA:377,1
DA:378,1
DA:380,0
DA:384,0
DA:390,0
DA:391,0
DA:392,0
DA:394,0
DA:396,0
DA:397,0
DA:398,0
DA:399,0
DA:400,0
DA:401,0
DA:402,0
DA:404,0
DA:405,0
DA:406,0
DA:410,0
DA:411,0
DA:412,0
DA:415,0
DA:416,0
DA:417,0
DA:427,0
DA:439,1
LF:164
LH:134
BRDA:79,0,0,20
BRDA:79,0,1,0
BRDA:85,1,0,2
BRDA:85,1,1,17
BRDA:100,2,0,3
BRDA:100,2,1,16
BRDA:103,3,0,0
BRDA:103,3,1,3
BRDA:140,4,0,1
BRDA:140,4,1,3
BRDA:150,5,0,1
BRDA:150,5,1,2
BRDA:157,6,0,2
BRDA:157,6,1,1
BRDA:162,7,0,1
BRDA:162,7,1,1
BRDA:198,8,0,1
BRDA:198,8,1,2
BRDA:201,9,0,1
BRDA:201,9,1,0
BRDA:206,10,0,1
BRDA:206,10,1,1
BRDA:215,11,0,1
BRDA:215,11,1,3
BRDA:227,12,0,3
BRDA:227,12,1,0
BRDA:362,13,0,1
BRDA:362,13,1,19
BRDA:374,14,0,1
BRDA:374,14,1,0
BRDA:390,15,0,0
BRDA:390,15,1,0
BRDA:396,16,0,0
BRDA:396,16,1,0
BRDA:411,17,0,0
BRDA:411,17,1,0
BRF:36
BRH:25
end_of_record
TN:
SF:M:\UNIVERSIDAD\TFG\2019-LicenseManager\frontend\src\app\dialogs\dialog.service.ts
FN:14,(anonymous_0)
FN:16,DialogService
FN:19,(anonymous_2)
FN:33,(anonymous_3)
FN:37,(anonymous_4)
FN:41,(anonymous_5)
FN:51,(anonymous_6)
FN:61,(anonymous_7)
FNF:8
FNH:1
FNDA:1,(anonymous_0)
FNDA:0,DialogService
FNDA:0,(anonymous_2)
FNDA:0,(anonymous_3)
FNDA:0,(anonymous_4)
FNDA:0,(anonymous_5)
FNDA:0,(anonymous_6)
FNDA:0,(anonymous_7)
DA:14,1
DA:16,0
DA:19,1
DA:20,0
DA:33,1
DA:34,0
DA:37,1
DA:38,0
DA:41,1
DA:42,0
DA:51,1
DA:52,0
DA:61,1
DA:62,0
DA:72,1
LF:15
LH:8
BRDA:19,0,0,0
BRDA:19,0,1,0
BRF:2
BRH:0
end_of_record
TN:
SF:M:\UNIVERSIDAD\TFG\2019-LicenseManager\frontend\src\app\dialogs\dialogFreeTrial.component.ts
FN:13,(anonymous_0)
FN:21,DialogFreeTrial
FN:26,(anonymous_2)
FN:32,(anonymous_3)
FN:36,(anonymous_4)
FN:40,(anonymous_5)
FN:44,(anonymous_6)
FNF:7
FNH:1
FNDA:1,(anonymous_0)
FNDA:0,DialogFreeTrial
FNDA:0,(anonymous_2)
FNDA:0,(anonymous_3)
FNDA:0,(anonymous_4)
FNDA:0,(anonymous_5)
FNDA:0,(anonymous_6)
DA:13,1
DA:20,0
DA:21,0
DA:22,0
DA:23,0
DA:26,1
DA:27,0
DA:28,0
DA:29,0
DA:32,1
DA:33,0
DA:36,1
DA:37,0
DA:40,1
DA:41,0
DA:44,1
DA:45,0
DA:48,1
LF:18
LH:7
BRF:0
BRH:0
end_of_record
TN:
SF:M:\UNIVERSIDAD\TFG\2019-LicenseManager\frontend\src\app\dialogs\add-card-dialog\add-card-dialog.component.ts
FN:9,(anonymous_0)
FN:12,AddCardDialogComponent
FN:14,(anonymous_2)
FN:18,(anonymous_3)
FN:22,(anonymous_4)
FNF:5
FNH:1
FNDA:1,(anonymous_0)
FNDA:0,AddCardDialogComponent
FNDA:0,(anonymous_2)
FNDA:0,(anonymous_3)
FNDA:0,(anonymous_4)
DA:9,1
DA:10,0
DA:12,0
DA:14,1
DA:15,0
DA:18,1
DA:19,0
DA:22,1
DA:23,0
DA:25,1
LF:10
LH:5
BRF:0
BRH:0
end_of_record
TN:
SF:M:\UNIVERSIDAD\TFG\2019-LicenseManager\frontend\src\app\dialogs\card-select-dialog copy\card-select-dialog.component.ts
FN:11,(anonymous_0)
FN:24,CardSelectDialog
FN:31,(anonymous_2)
FN:33,(anonymous_3)
FN:34,(anonymous_4)
FN:36,(anonymous_5)
FN:40,(anonymous_6)
FN:47,(anonymous_7)
FN:52,(anonymous_8)
FN:56,(anonymous_9)
FNF:10
FNH:1
FNDA:1,(anonymous_0)
FNDA:0,CardSelectDialog
FNDA:0,(anonymous_2)
FNDA:0,(anonymous_3)
FNDA:0,(anonymous_4)
FNDA:0,(anonymous_5)
FNDA:0,(anonymous_6)
FNDA:0,(anonymous_7)
FNDA:0,(anonymous_8)
FNDA:0,(anonymous_9)
DA:11,1
DA:15,0
DA:17,0
DA:18,0
DA:19,0
DA:20,0
DA:24,0
DA:25,0
DA:26,0
DA:27,0
DA:31,1
DA:32,0
DA:33,0
DA:34,0
DA:36,0
DA:40,1
DA:41,0
DA:42,0
DA:43,0
DA:44,0
DA:47,1
DA:48,0
DA:49,0
DA:52,1
DA:53,0
DA:56,1
DA:57,0
DA:58,0
DA:60,1
LF:29
LH:7
BRF:0
BRH:0
end_of_record
TN:
SF:M:\UNIVERSIDAD\TFG\2019-LicenseManager\frontend\src\app\dialogs\card-subscription-select-dialog\card-subscription-select-dialog.component.ts
FN:11,(anonymous_0)
FN:25,CardSubscriptionSelectDialog
FN:33,(anonymous_2)
FN:35,(anonymous_3)
FN:36,(anonymous_4)
FN:38,(anonymous_5)
FN:42,(anonymous_6)
FN:48,(anonymous_7)
FN:53,(anonymous_8)
FN:57,(anonymous_9)
FNF:10
FNH:1
FNDA:1,(anonymous_0)
FNDA:0,CardSubscriptionSelectDialog
FNDA:0,(anonymous_2)
FNDA:0,(anonymous_3)
FNDA:0,(anonymous_4)
FNDA:0,(anonymous_5)
FNDA:0,(anonymous_6)
FNDA:0,(anonymous_7)
FNDA:0,(anonymous_8)
FNDA:0,(anonymous_9)
DA:11,1
DA:15,0
DA:17,0
DA:18,0
DA:19,0
DA:20,0
DA:25,0
DA:26,0
DA:27,0
DA:28,0
DA:29,0
DA:33,1
DA:34,0
DA:35,0
DA:36,0
DA:38,0
DA:42,1
DA:43,0
DA:44,0
DA:45,0
DA:48,1
DA:49,0
DA:50,0
DA:53,1
DA:54,0
DA:57,1
DA:58,0
DA:59,0
DA:61,1
LF:29
LH:7
BRF:0
BRH:0
end_of_record
TN:
SF:M:\UNIVERSIDAD\TFG\2019-LicenseManager\frontend\src\app\dialogs\confirmation-dialog\confirmation-dialog.component.ts
FN:9,(anonymous_0)
FN:13,ConfirmationDialogComponent
FN:22,(anonymous_2)
FN:25,(anonymous_3)
FN:29,(anonymous_4)
FN:35,(anonymous_5)
FNF:6
FNH:1
FNDA:1,(anonymous_0)
FNDA:0,ConfirmationDialogComponent
FNDA:0,(anonymous_2)
FNDA:0,(anonymous_3)
FNDA:0,(anonymous_4)
FNDA:0,(anonymous_5)
DA:9,1
DA:10,0
DA:13,0
DA:14,0
DA:15,0
DA:17,0
DA:18,0
DA:22,1
DA:25,1
DA:26,0
DA:29,1
DA:30,0
DA:31,0
DA:32,0
DA:35,1
DA:36,0
DA:37,0
DA:42,1
LF:18
LH:6
BRDA:14,0,0,0
BRDA:14,0,1,0
BRDA:17,1,0,0
BRDA:17,1,1,0
BRF:4
BRH:0
end_of_record
TN:
SF:M:\UNIVERSIDAD\TFG\2019-LicenseManager\frontend\src\app\licenses\license.service.ts
FN:10,(anonymous_0)
FN:13,LicenseService
FN:15,(anonymous_2)
FN:20,(anonymous_3)
FN:27,(anonymous_4)
FN:32,(anonymous_5)
FNF:6
FNH:1
FNDA:1,(anonymous_0)
FNDA:0,LicenseService
FNDA:0,(anonymous_2)
FNDA:0,(anonymous_3)
FNDA:0,(anonymous_4)
FNDA:0,(anonymous_5)
DA:6,1
DA:10,1
DA:13,0
DA:15,1
DA:16,0
DA:17,0
DA:20,1
DA:21,0
DA:22,0
DA:27,1
DA:28,0
DA:29,0
DA:32,1
DA:33,0
DA:34,0
DA:37,1
LF:16
LH:7
BRF:0
BRH:0
end_of_record
TN:
SF:M:\UNIVERSIDAD\TFG\2019-LicenseManager\frontend\src\app\login\login.component.ts
FN:13,(anonymous_0)
FN:19,LoginComponent
FN:24,(anonymous_2)
FN:28,(anonymous_3)
FN:36,(anonymous_4)
FN:42,(anonymous_5)
FN:46,(anonymous_6)
FN:49,(anonymous_7)
FN:53,(anonymous_8)
FN:55,(anonymous_9)
FN:58,(anonymous_10)
FN:62,(anonymous_11)
FN:68,(anonymous_12)
FN:86,(anonymous_13)
FN:88,(anonymous_14)
FNF:15
FNH:1
FNDA:1,(anonymous_0)
FNDA:0,LoginComponent
FNDA:0,(anonymous_2)
FNDA:0,(anonymous_3)
FNDA:0,(anonymous_4)
FNDA:0,(anonymous_5)
FNDA:0,(anonymous_6)
FNDA:0,(anonymous_7)
FNDA:0,(anonymous_8)
FNDA:0,(anonymous_9)
FNDA:0,(anonymous_10)
FNDA:0,(anonymous_11)
FNDA:0,(anonymous_12)
FNDA:0,(anonymous_13)
FNDA:0,(anonymous_14)
DA:13,1
DA:14,1
DA:19,0
DA:20,0
DA:21,0
DA:24,1
DA:25,0
DA:28,1
DA:29,0
DA:30,0
DA:36,1
DA:37,0
DA:42,1
DA:43,0
DA:45,0
DA:47,0
DA:49,0
DA:53,1
DA:54,0
DA:56,0
DA:58,0
DA:62,1
DA:63,0
DA:64,0
DA:68,1
DA:69,0
DA:71,0
DA:72,0
DA:75,0
DA:76,0
DA:79,0
DA:80,0
DA:86,1
DA:87,0
DA:88,0
DA:91,1
LF:36
LH:11
BRDA:70,0,0,0
BRDA:70,0,1,0
BRDA:70,0,2,0
BRF:3
BRH:0
end_of_record
TN:
SF:M:\UNIVERSIDAD\TFG\2019-LicenseManager\frontend\src\app\login\login.service.ts
FN:19,(anonymous_0)
FN:27,LoginService
FN:34,(anonymous_2)
FN:44,(anonymous_3)
FN:58,(anonymous_4)
FN:61,(anonymous_5)
FN:69,(anonymous_6)
FN:76,(anonymous_7)
FN:82,(anonymous_8)
FN:90,(anonymous_9)
FN:96,(anonymous_10)
FN:100,(anonymous_11)
FN:105,(anonymous_12)
FN:110,(anonymous_13)
FNF:14
FNH:1
FNDA:1,(anonymous_0)
FNDA:0,LoginService
FNDA:0,(anonymous_2)
FNDA:0,(anonymous_3)
FNDA:0,(anonymous_4)
FNDA:0,(anonymous_5)
FNDA:0,(anonymous_6)
FNDA:0,(anonymous_7)
FNDA:0,(anonymous_8)
FNDA:0,(anonymous_9)
FNDA:0,(anonymous_10)
FNDA:0,(anonymous_11)
FNDA:0,(anonymous_12)
FNDA:0,(anonymous_13)
DA:7,1
DA:19,1
DA:21,0
DA:22,0
DA:25,0
DA:27,0
DA:28,0
DA:29,0
DA:30,0
DA:34,1
DA:36,0
DA:38,0
DA:43,0
DA:46,0
DA:47,0
DA:48,0
DA:49,0
DA:50,0
DA:53,0
DA:58,1
DA:60,0
DA:62,0
DA:63,0
DA:64,0
DA:69,1
DA:70,0
DA:71,0
DA:72,0
DA:76,1
DA:77,0
DA:78,0
DA:82,1
DA:83,0
DA:84,0
DA:85,0
DA:86,0
DA:90,1
DA:91,0
DA:92,0
DA:96,1
DA:97,0
DA:100,1
DA:101,0
DA:102,0
DA:105,1
DA:106,0
DA:107,0
DA:110,1
DA:111,0
DA:112,0
DA:114,0
DA:115,0
DA:118,1
LF:53
LH:13
BRDA:29,0,0,0
BRDA:29,0,1,0
BRDA:46,1,0,0
BRDA:46,1,1,0
BRDA:114,2,0,0
BRDA:114,2,1,0
BRF:6
BRH:0
end_of_record
TN:
SF:M:\UNIVERSIDAD\TFG\2019-LicenseManager\frontend\src\app\mock\activated-route-mock.component.ts
FN:4,(anonymous_0)
FNF:1
FNH:1
FNDA:21,(anonymous_0)
DA:4,1
DA:5,20
DA:8,1
LF:3
LH:3
BRF:0
BRH:0
end_of_record
TN:
SF:M:\UNIVERSIDAD\TFG\2019-LicenseManager\frontend\src\app\product\product.service.ts
FN:12,(anonymous_0)
FN:14,ProductService
FN:16,(anonymous_2)
FN:21,(anonymous_3)
FN:26,(anonymous_4)
FN:31,(anonymous_5)
FN:36,(anonymous_6)
FN:41,(anonymous_7)
FN:46,(anonymous_8)
FN:54,(anonymous_9)
FN:59,(anonymous_10)
FN:68,(anonymous_11)
FNF:12
FNH:1
FNDA:1,(anonymous_0)
FNDA:0,ProductService
FNDA:0,(anonymous_2)
FNDA:0,(anonymous_3)
FNDA:0,(anonymous_4)
FNDA:0,(anonymous_5)
FNDA:0,(anonymous_6)
FNDA:0,(anonymous_7)
FNDA:0,(anonymous_8)
FNDA:0,(anonymous_9)
FNDA:0,(anonymous_10)
FNDA:0,(anonymous_11)
DA:9,1
DA:12,1
DA:14,0
DA:16,1
DA:17,0
DA:18,0
DA:21,1
DA:22,0
DA:23,0
DA:26,1
DA:27,0
DA:28,0
DA:31,1
DA:32,0
DA:33,0
DA:36,1
DA:37,0
DA:38,0
DA:41,1
DA:42,0
DA:43,0
DA:46,1
DA:47,0
DA:48,0
DA:49,0
DA:54,1
DA:55,0
DA:56,0
DA:59,1
DA:60,0
DA:61,0
DA:68,1
DA:69,0
DA:70,0
DA:72,1
LF:35
LH:13
BRF:0
BRH:0
end_of_record
TN:
SF:M:\UNIVERSIDAD\TFG\2019-LicenseManager\frontend\src\app\usedCard\usedCard.service.ts
FN:10,(anonymous_0)
FN:12,UsedCardService
FN:14,(anonymous_2)
FN:18,(anonymous_3)
FNF:4
FNH:1
FNDA:1,(anonymous_0)
FNDA:0,UsedCardService
FNDA:0,(anonymous_2)
FNDA:0,(anonymous_3)
DA:4,1
DA:10,1
DA:12,0
DA:14,1
DA:15,0
DA:18,1
DA:19,0
DA:20,0
DA:24,1
LF:9
LH:5
BRF:0
BRH:0
end_of_record
TN:
SF:M:\UNIVERSIDAD\TFG\2019-LicenseManager\frontend\src\app\userProfile\userProfile.component.ts
FN:15,(anonymous_0)
FN:33,UserProfileComponent
FN:40,(anonymous_2)
FN:43,(anonymous_3)
FN:45,(anonymous_4)
FN:46,(anonymous_5)
FN:49,(anonymous_6)
FN:53,(anonymous_7)
FN:56,(anonymous_8)
FN:65,(anonymous_9)
FN:68,(anonymous_10)
FN:69,(anonymous_11)
FN:73,(anonymous_12)
FN:75,(anonymous_13)
FN:76,(anonymous_14)
FN:80,(anonymous_15)
FNF:16
FNH:1
FNDA:1,(anonymous_0)
FNDA:0,UserProfileComponent
FNDA:0,(anonymous_2)
FNDA:0,(anonymous_3)
FNDA:0,(anonymous_4)
FNDA:0,(anonymous_5)
FNDA:0,(anonymous_6)
FNDA:0,(anonymous_7)
FNDA:0,(anonymous_8)
FNDA:0,(anonymous_9)
FNDA:0,(anonymous_10)
FNDA:0,(anonymous_11)
FNDA:0,(anonymous_12)
FNDA:0,(anonymous_13)
FNDA:0,(anonymous_14)
FNDA:0,(anonymous_15)
DA:15,1
DA:20,0
DA:21,0
DA:23,0
DA:24,0
DA:25,0
DA:26,0
DA:27,0
DA:29,0
DA:30,0
DA:31,0
DA:33,0
DA:34,0
DA:35,0
DA:36,0
DA:40,1
DA:41,0
DA:42,0
DA:43,0
DA:44,0
DA:45,0
DA:46,0
DA:49,0
DA:53,1
DA:54,0
DA:57,0
DA:58,0
DA:65,1
DA:66,0
DA:67,0
DA:68,0
DA:69,0
DA:73,1
DA:74,0
DA:75,0
DA:76,0
DA:80,1
DA:81,0
DA:82,0
DA:83,0
DA:84,0
DA:85,0
DA:86,0
DA:91,1
LF:44
LH:7
BRDA:35,0,0,0
BRDA:35,0,1,0
BRDA:57,1,0,0
BRDA:57,1,1,0
BRDA:81,2,0,0
BRDA:81,2,1,0
BRDA:83,3,0,0
BRDA:83,3,1,0
BRDA:85,4,0,0
BRDA:85,4,1,0
BRF:10
BRH:0
end_of_record
TN:
SF:M:\UNIVERSIDAD\TFG\2019-LicenseManager\frontend\src\app\userProfile\userProfile.service.ts
FN:14,(anonymous_0)
FN:16,UserProfileService
FN:19,(anonymous_2)
FN:23,(anonymous_3)
FN:28,(anonymous_4)
FN:32,(anonymous_5)
FN:36,(anonymous_6)
FN:40,(anonymous_7)
FN:48,(anonymous_8)
FN:54,(anonymous_9)
FN:58,(anonymous_10)
FN:63,(anonymous_11)
FN:68,(anonymous_12)
FN:73,(anonymous_13)
FN:77,(anonymous_14)
FN:82,(anonymous_15)
FNF:16
FNH:1
FNDA:1,(anonymous_0)
FNDA:0,UserProfileService
FNDA:0,(anonymous_2)
FNDA:0,(anonymous_3)
FNDA:0,(anonymous_4)
FNDA:0,(anonymous_5)
FNDA:0,(anonymous_6)
FNDA:0,(anonymous_7)
FNDA:0,(anonymous_8)
FNDA:0,(anonymous_9)
FNDA:0,(anonymous_10)
FNDA:0,(anonymous_11)
FNDA:0,(anonymous_12)
FNDA:0,(anonymous_13)
FNDA:0,(anonymous_14)
FNDA:0,(anonymous_15)
DA:10,1
DA:14,1
DA:16,0
DA:19,1
DA:20,0
DA:23,1
DA:24,0
DA:28,1
DA:29,0
DA:32,1
DA:33,0
DA:36,1
DA:37,0
DA:40,1
DA:41,0
DA:42,0
DA:44,0
DA:48,1
DA:49,0
DA:54,1
DA:55,0
DA:58,1
DA:59,0
DA:63,1
DA:64,0
DA:68,1
DA:69,0
DA:73,1
DA:74,0
DA:77,1
DA:78,0
DA:82,1
DA:83,0
DA:84,0
DA:86,1
LF:35
LH:17
BRDA:41,0,0,0
BRDA:41,0,1,0
BRF:2
BRH:0
end_of_record
TN:
SF:M:\UNIVERSIDAD\TFG\2019-LicenseManager\frontend\src\app\userProfile\card-form\card-form.component.ts
FN:18,(anonymous_0)
FN:35,CardFormComponent
FN:37,(anonymous_2)
FN:40,(anonymous_3)
FN:41,(anonymous_4)
FN:45,(anonymous_5)
FN:53,(anonymous_6)
FN:64,(anonymous_7)
FN:67,(anonymous_8)
FN:79,(anonymous_9)
FN:92,(anonymous_10)
FN:96,(anonymous_11)
FN:97,(anonymous_12)
FNF:13
FNH:1
FNDA:1,(anonymous_0)
FNDA:0,CardFormComponent
FNDA:0,(anonymous_2)
FNDA:0,(anonymous_3)
FNDA:0,(anonymous_4)
FNDA:0,(anonymous_5)
FNDA:0,(anonymous_6)
FNDA:0,(anonymous_7)
FNDA:0,(anonymous_8)
FNDA:0,(anonymous_9)
FNDA:0,(anonymous_10)
FNDA:0,(anonymous_11)
FNDA:0,(anonymous_12)
DA:18,1
DA:23,1
DA:26,1
DA:28,1
DA:29,1
DA:30,1
DA:32,1
DA:35,0
DA:37,1
DA:39,0
DA:40,0
DA:41,0
DA:45,1
DA:46,0
DA:50,0
DA:51,0
DA:52,0
DA:53,0
DA:54,0
DA:55,0
DA:56,0
DA:58,0
DA:63,0
DA:64,0
DA:65,0
DA:66,0
DA:67,0
DA:68,0
DA:69,0
DA:70,0
DA:71,0
DA:72,0
DA:77,0
DA:78,0
DA:80,0
DA:81,0
DA:82,0
DA:83,0
DA:85,0
DA:86,0
DA:87,0
DA:88,0
DA:89,0
DA:92,0
DA:95,0
DA:96,0
DA:97,0
DA:106,1
LF:48
LH:10
BRDA:55,0,0,0
BRDA:55,0,1,0
BRDA:68,1,0,0
BRDA:68,1,1,0
BRDA:77,2,0,0
BRDA:77,2,1,0
BRDA:80,3,0,0
BRDA:80,3,1,0
BRF:8
BRH:0
end_of_record
TN:
SF:M:\UNIVERSIDAD\TFG\2019-LicenseManager\frontend\src\testing\dom-helper.ts
FN:4,(anonymous_0)
FN:8,DOMHelper
FN:12,(anonymous_2)
FN:18,(anonymous_3)
FN:22,(anonymous_4)
FN:26,(anonymous_5)
FN:30,(anonymous_6)
FN:36,(anonymous_7)
FN:37,(anonymous_8)
FN:45,(anonymous_9)
FN:49,(anonymous_10)
FN:51,(anonymous_11)
FNF:12
FNH:7
FNDA:1,(anonymous_0)
FNDA:20,DOMHelper
FNDA:0,(anonymous_2)
FNDA:0,(anonymous_3)
FNDA:3,(anonymous_4)
FNDA:5,(anonymous_5)
FNDA:1,(anonymous_6)
FNDA:0,(anonymous_7)
FNDA:0,(anonymous_8)
FNDA:0,(anonymous_9)
FNDA:2,(anonymous_10)
FNDA:6,(anonymous_11)
DA:4,1
DA:9,20
DA:12,1
DA:13,0
DA:15,0
DA:18,1
DA:19,0
DA:22,1
DA:23,3
DA:26,1
DA:27,5
DA:30,1
DA:31,1
DA:33,1
DA:36,1
DA:37,0
DA:38,0
DA:39,0
DA:40,0
DA:45,1
DA:46,0
DA:49,1
DA:50,2
DA:51,2
DA:52,6
DA:53,6
DA:54,4
DA:57,2
DA:61,1
LF:29
LH:21
BRDA:39,0,0,0
BRDA:39,0,1,0
BRDA:53,1,0,4
BRDA:53,1,1,2
BRF:4
BRH:2
end_of_record
