TN:
SF:M:\UNIVERSIDAD\TFG\2019-LicenseManager\frontend\src\polyfills.ts
FNF:0
FNH:0
LF:0
LH:0
BRF:0
BRH:0
end_of_record
TN:
SF:M:\UNIVERSIDAD\TFG\2019-LicenseManager\frontend\src\test.ts
FNF:0
FNH:0
DA:13,1
DA:18,1
DA:20,1
LF:3
LH:3
BRF:0
BRH:0
end_of_record
TN:
SF:M:\UNIVERSIDAD\TFG\2019-LicenseManager\frontend\src\app\adminDashboard\adminDashboard.component.ts
FN:13,(anonymous_0)
FN:23,AdminDashboardComponent
FN:24,(anonymous_2)
FN:30,(anonymous_3)
FN:32,(anonymous_4)
FN:33,(anonymous_5)
FN:37,(anonymous_6)
FN:39,(anonymous_7)
FN:40,(anonymous_8)
FN:44,(anonymous_9)
FN:47,(anonymous_10)
FN:52,(anonymous_11)
FN:55,(anonymous_12)
FN:58,(anonymous_13)
FN:59,(anonymous_14)
FNF:15
FNH:15
FNDA:1,(anonymous_0)
FNDA:7,AdminDashboardComponent
FNDA:7,(anonymous_2)
FNDA:10,(anonymous_3)
FNDA:9,(anonymous_4)
FNDA:1,(anonymous_5)
FNDA:2,(anonymous_6)
FNDA:1,(anonymous_7)
FNDA:1,(anonymous_8)
FNDA:1,(anonymous_9)
FNDA:1,(anonymous_10)
FNDA:2,(anonymous_11)
FNDA:2,(anonymous_12)
FNDA:1,(anonymous_13)
FNDA:1,(anonymous_14)
DA:13,1
DA:14,1
DA:18,7
DA:19,7
DA:23,7
DA:24,1
DA:25,7
DA:26,7
DA:27,7
DA:30,10
DA:31,10
DA:32,9
DA:33,1
DA:37,2
DA:38,2
DA:39,1
DA:40,1
DA:44,1
DA:46,1
DA:47,1
DA:52,2
DA:53,2
DA:56,2
DA:57,2
DA:58,1
DA:59,1
DA:68,1
LF:27
LH:27
BRDA:39,0,0,1
BRDA:39,0,1,0
BRDA:47,1,0,1
BRDA:47,1,1,0
BRDA:56,2,0,2
BRDA:56,2,1,0
BRF:6
BRH:3
end_of_record
TN:
SF:M:\UNIVERSIDAD\TFG\2019-LicenseManager\frontend\src\app\catalog\catalog.component.ts
FN:13,(anonymous_0)
FN:21,CatalogComponent
FN:23,(anonymous_2)
FN:25,(anonymous_3)
FN:26,(anonymous_4)
FN:30,(anonymous_5)
FN:34,(anonymous_6)
FN:36,(anonymous_7)
FN:37,(anonymous_8)
FN:41,(anonymous_9)
FNF:10
FNH:10
FNDA:1,(anonymous_0)
FNDA:8,CatalogComponent
FNDA:8,(anonymous_2)
FNDA:7,(anonymous_3)
FNDA:1,(anonymous_4)
FNDA:2,(anonymous_5)
FNDA:3,(anonymous_6)
FNDA:2,(anonymous_7)
FNDA:1,(anonymous_8)
FNDA:14,(anonymous_9)
DA:6,1
DA:13,1
DA:18,8
DA:19,8
DA:21,8
DA:23,8
DA:24,8
DA:25,7
DA:26,1
DA:30,1
DA:31,2
DA:34,3
DA:35,3
DA:36,2
DA:37,1
DA:41,1
DA:42,14
DA:45,1
LF:18
LH:18
BRF:0
BRH:0
end_of_record
TN:
SF:M:\UNIVERSIDAD\TFG\2019-LicenseManager\frontend\src\app\catalog\catalog-product\catalog-product.component.ts
FN:26,(anonymous_0)
FN:54,CatalogProductComponent
FN:61,(anonymous_2)
FN:67,(anonymous_3)
FN:72,(anonymous_4)
FN:76,(anonymous_5)
FN:89,(anonymous_6)
FN:90,(anonymous_7)
FN:110,(anonymous_8)
FN:111,(anonymous_9)
FN:127,(anonymous_10)
FN:138,(anonymous_11)
FN:142,(anonymous_12)
FN:148,(anonymous_13)
FN:158,(anonymous_14)
FN:162,(anonymous_15)
FN:178,(anonymous_16)
FN:189,(anonymous_17)
FN:193,(anonymous_18)
FN:199,(anonymous_19)
FN:202,(anonymous_20)
FN:216,(anonymous_21)
FN:219,(anonymous_22)
FN:225,(anonymous_23)
FN:230,(anonymous_24)
FN:235,(anonymous_25)
FN:237,(anonymous_26)
FN:238,(anonymous_27)
FN:241,(anonymous_28)
FN:253,(anonymous_29)
FN:270,(anonymous_30)
FN:272,(anonymous_31)
FN:273,(anonymous_32)
FN:277,(anonymous_33)
FN:286,(anonymous_34)
FN:297,(anonymous_35)
FN:301,(anonymous_36)
FN:308,(anonymous_37)
FN:317,(anonymous_38)
FN:321,(anonymous_39)
FN:323,(anonymous_40)
FN:337,(anonymous_41)
FNF:42
FNH:31
FNDA:1,(anonymous_0)
FNDA:20,CatalogProductComponent
FNDA:1,(anonymous_2)
FNDA:20,(anonymous_3)
FNDA:20,(anonymous_4)
FNDA:20,(anonymous_5)
FNDA:1,(anonymous_6)
FNDA:1,(anonymous_7)
FNDA:1,(anonymous_8)
FNDA:1,(anonymous_9)
FNDA:0,(anonymous_10)
FNDA:4,(anonymous_11)
FNDA:1,(anonymous_12)
FNDA:0,(anonymous_13)
FNDA:3,(anonymous_14)
FNDA:2,(anonymous_15)
FNDA:0,(anonymous_16)
FNDA:0,(anonymous_17)
FNDA:5,(anonymous_18)
FNDA:3,(anonymous_19)
FNDA:1,(anonymous_20)
FNDA:4,(anonymous_21)
FNDA:1,(anonymous_22)
FNDA:0,(anonymous_23)
FNDA:3,(anonymous_24)
FNDA:2,(anonymous_25)
FNDA:1,(anonymous_26)
FNDA:1,(anonymous_27)
FNDA:1,(anonymous_28)
FNDA:1,(anonymous_29)
FNDA:20,(anonymous_30)
FNDA:19,(anonymous_31)
FNDA:0,(anonymous_32)
FNDA:1,(anonymous_33)
FNDA:20,(anonymous_34)
FNDA:1,(anonymous_35)
FNDA:1,(anonymous_36)
FNDA:0,(anonymous_37)
FNDA:0,(anonymous_38)
FNDA:0,(anonymous_39)
FNDA:0,(anonymous_40)
FNDA:0,(anonymous_41)
DA:18,1
DA:26,1
DA:40,20
DA:41,20
DA:42,20
DA:48,20
DA:54,20
DA:58,20
DA:61,1
DA:62,1
DA:67,20
DA:68,20
DA:69,20
DA:70,20
DA:72,20
DA:73,20
DA:75,20
DA:76,20
DA:77,20
DA:78,20
DA:79,20
DA:80,20
DA:81,19
DA:84,19
DA:85,19
DA:86,2
DA:88,2
DA:89,1
DA:91,1
DA:92,1
DA:93,1
DA:99,19
DA:100,19
DA:101,3
DA:102,3
DA:103,3
DA:104,0
DA:106,3
DA:108,3
DA:109,3
DA:110,1
DA:112,1
DA:113,1
DA:114,1
DA:119,18
DA:120,18
DA:121,18
DA:127,0
DA:129,20
DA:130,20
DA:138,4
DA:140,4
DA:141,1
DA:143,1
DA:144,0
DA:145,0
DA:148,0
DA:152,3
DA:153,1
DA:155,2
DA:157,3
DA:159,3
DA:160,2
DA:161,2
DA:163,2
DA:164,2
DA:165,1
DA:166,1
DA:167,1
DA:168,1
DA:169,1
DA:171,1
DA:172,1
DA:173,1
DA:174,1
DA:175,1
DA:178,0
DA:181,1
DA:189,1
DA:190,0
DA:193,1
DA:194,5
DA:195,5
DA:199,3
DA:200,3
DA:201,1
DA:203,1
DA:204,1
DA:208,2
DA:209,1
DA:211,1
DA:216,4
DA:217,4
DA:218,1
DA:220,1
DA:221,0
DA:222,0
DA:225,0
DA:229,3
DA:231,3
DA:232,3
DA:233,3
DA:234,3
DA:236,2
DA:237,1
DA:238,1
DA:240,2
DA:241,1
DA:253,1
DA:254,1
DA:255,1
DA:256,1
DA:257,1
DA:258,1
DA:259,1
DA:260,1
DA:261,1
DA:262,1
DA:263,1
DA:264,1
DA:265,1
DA:266,1
DA:267,1
DA:270,20
DA:271,20
DA:272,19
DA:273,0
DA:277,1
DA:278,1
DA:286,1
DA:287,20
DA:288,1
DA:289,1
DA:290,1
DA:291,1
DA:292,1
DA:297,1
DA:298,1
DA:299,1
DA:300,1
DA:302,1
DA:303,0
DA:304,0
DA:308,0
DA:312,0
DA:318,0
DA:319,0
DA:320,0
DA:322,0
DA:324,0
DA:325,0
DA:326,0
DA:327,0
DA:328,0
DA:329,0
DA:330,0
DA:332,0
DA:333,0
DA:334,0
DA:338,0
DA:339,0
DA:340,0
DA:343,0
DA:344,0
DA:345,0
DA:355,0
DA:367,1
LF:167
LH:131
BRDA:79,0,0,20
BRDA:79,0,1,0
BRDA:85,1,0,2
BRDA:85,1,1,17
BRDA:100,2,0,3
BRDA:100,2,1,16
BRDA:103,3,0,0
BRDA:103,3,1,3
BRDA:140,4,0,1
BRDA:140,4,1,3
BRDA:143,5,0,0
BRDA:143,5,1,1
BRDA:152,6,0,1
BRDA:152,6,1,2
BRDA:159,7,0,2
BRDA:159,7,1,1
BRDA:164,8,0,1
BRDA:164,8,1,1
BRDA:200,9,0,1
BRDA:200,9,1,2
BRDA:203,10,0,1
BRDA:203,10,1,0
BRDA:208,11,0,1
BRDA:208,11,1,1
BRDA:217,12,0,1
BRDA:217,12,1,3
BRDA:220,13,0,0
BRDA:220,13,1,1
BRDA:231,14,0,3
BRDA:231,14,1,0
BRDA:287,15,0,1
BRDA:287,15,1,19
BRDA:299,16,0,1
BRDA:299,16,1,0
BRDA:302,17,0,0
BRDA:302,17,1,1
BRDA:318,18,0,0
BRDA:318,18,1,0
BRDA:324,19,0,0
BRDA:324,19,1,0
BRDA:339,20,0,0
BRDA:339,20,1,0
BRF:42
BRH:28
end_of_record
TN:
SF:M:\UNIVERSIDAD\TFG\2019-LicenseManager\frontend\src\app\dialogs\dialogAddProduct.component.ts
FN:13,(anonymous_0)
FN:33,DialogAddProductComponent
FN:43,(anonymous_2)
FN:76,(anonymous_3)
FN:80,(anonymous_4)
FN:117,(anonymous_5)
FN:121,(anonymous_6)
FN:125,(anonymous_7)
FN:134,(anonymous_8)
FN:137,(anonymous_9)
FN:141,(anonymous_10)
FN:149,(anonymous_11)
FN:154,(anonymous_12)
FN:155,(anonymous_13)
FN:160,(anonymous_14)
FNF:15
FNH:13
FNDA:1,(anonymous_0)
FNDA:11,DialogAddProductComponent
FNDA:30,(anonymous_2)
FNDA:1,(anonymous_3)
FNDA:1,(anonymous_4)
FNDA:1,(anonymous_5)
FNDA:0,(anonymous_6)
FNDA:2,(anonymous_7)
FNDA:1,(anonymous_8)
FNDA:1,(anonymous_9)
FNDA:2,(anonymous_10)
FNDA:4,(anonymous_11)
FNDA:0,(anonymous_12)
FNDA:3,(anonymous_13)
FNDA:1,(anonymous_14)
DA:13,1
DA:33,11
DA:34,11
DA:35,10
DA:36,10
DA:37,10
DA:38,10
DA:39,10
DA:40,10
DA:41,10
DA:42,10
DA:43,10
DA:44,30
DA:45,0
DA:46,0
DA:47,0
DA:48,30
DA:49,10
DA:50,10
DA:51,10
DA:52,20
DA:53,10
DA:54,10
DA:55,10
DA:56,10
DA:57,10
DA:58,10
DA:59,10
DA:61,0
DA:62,0
DA:63,0
DA:64,0
DA:65,0
DA:69,1
DA:70,1
DA:71,1
DA:72,1
DA:76,1
DA:77,1
DA:80,1
DA:81,1
DA:82,0
DA:85,1
DA:86,1
DA:88,0
DA:91,1
DA:93,1
DA:94,1
DA:95,1
DA:96,1
DA:97,1
DA:98,1
DA:100,1
DA:101,1
DA:102,1
DA:104,1
DA:105,1
DA:106,1
DA:108,0
DA:109,0
DA:110,0
DA:111,0
DA:112,0
DA:113,0
DA:115,1
DA:116,1
DA:118,1
DA:119,1
DA:120,1
DA:121,0
DA:125,2
DA:127,2
DA:128,1
DA:130,1
DA:132,2
DA:133,2
DA:134,1
DA:135,1
DA:136,1
DA:137,1
DA:141,1
DA:142,2
DA:143,1
DA:145,1
DA:149,1
DA:150,4
DA:151,1
DA:153,3
DA:155,3
DA:160,1
DA:163,1
LF:91
LH:74
BRDA:34,0,0,10
BRDA:34,0,1,1
BRDA:44,1,0,0
BRDA:44,1,1,30
BRDA:48,2,0,10
BRDA:48,2,1,20
BRDA:52,3,0,10
BRDA:52,3,1,10
BRDA:56,4,0,10
BRDA:56,4,1,0
BRDA:61,5,0,0
BRDA:61,5,1,0
BRDA:81,6,0,0
BRDA:81,6,1,1
BRDA:81,7,0,1
BRDA:81,7,1,1
BRDA:85,8,0,1
BRDA:85,8,1,0
BRDA:95,9,0,1
BRDA:95,9,1,0
BRDA:96,10,0,1
BRDA:96,10,1,0
BRDA:100,11,0,1
BRDA:100,11,1,0
BRDA:104,12,0,1
BRDA:104,12,1,0
BRDA:108,13,0,0
BRDA:108,13,1,0
BRDA:111,14,0,0
BRDA:111,14,1,0
BRDA:118,15,0,1
BRDA:118,15,1,0
BRDA:121,16,0,0
BRDA:121,16,1,0
BRDA:127,17,0,1
BRDA:127,17,1,1
BRDA:134,18,0,1
BRDA:134,18,1,0
BRDA:142,19,0,1
BRDA:142,19,1,1
BRDA:150,20,0,1
BRDA:150,20,1,3
BRF:42
BRH:24
end_of_record
TN:
SF:M:\UNIVERSIDAD\TFG\2019-LicenseManager\frontend\src\app\dialogs\dialogFreeTrial.component.ts
FN:12,(anonymous_0)
FN:20,DialogFreeTrial
FN:26,(anonymous_2)
FN:32,(anonymous_3)
FN:36,(anonymous_4)
FN:40,(anonymous_5)
FN:44,(anonymous_6)
FNF:7
FNH:7
FNDA:1,(anonymous_0)
FNDA:4,DialogFreeTrial
FNDA:1,(anonymous_2)
FNDA:1,(anonymous_3)
FNDA:1,(anonymous_4)
FNDA:1,(anonymous_5)
FNDA:1,(anonymous_6)
DA:12,1
DA:19,4
DA:20,4
DA:21,4
DA:22,4
DA:26,1
DA:27,1
DA:28,1
DA:29,1
DA:32,1
DA:33,1
DA:36,1
DA:37,1
DA:40,1
DA:41,1
DA:44,1
DA:45,1
DA:48,1
LF:18
LH:18
BRF:0
BRH:0
end_of_record
TN:
SF:M:\UNIVERSIDAD\TFG\2019-LicenseManager\frontend\src\app\dialogs\add-card-dialog\add-card-dialog.component.ts
FN:9,(anonymous_0)
FN:12,AddCardDialogComponent
FN:14,(anonymous_2)
FN:18,(anonymous_3)
FN:22,(anonymous_4)
FNF:5
FNH:5
FNDA:1,(anonymous_0)
FNDA:4,AddCardDialogComponent
FNDA:1,(anonymous_2)
FNDA:1,(anonymous_3)
FNDA:1,(anonymous_4)
DA:9,1
DA:10,4
DA:12,4
DA:14,1
DA:15,1
DA:18,1
DA:19,1
DA:22,1
DA:23,1
DA:25,1
LF:10
LH:10
BRF:0
BRH:0
end_of_record
TN:
SF:M:\UNIVERSIDAD\TFG\2019-LicenseManager\frontend\src\app\dialogs\card-select-dialog copy\card-select-dialog.component.ts
FN:11,(anonymous_0)
FN:25,CardSelectDialog
FN:31,(anonymous_2)
FN:41,(anonymous_3)
FN:43,(anonymous_4)
FN:44,(anonymous_5)
FN:46,(anonymous_6)
FN:50,(anonymous_7)
FN:52,(anonymous_8)
FN:53,(anonymous_9)
FN:55,(anonymous_10)
FN:59,(anonymous_11)
FN:66,(anonymous_12)
FN:71,(anonymous_13)
FN:75,(anonymous_14)
FNF:15
FNH:15
FNDA:1,(anonymous_0)
FNDA:7,CardSelectDialog
FNDA:7,(anonymous_2)
FNDA:2,(anonymous_3)
FNDA:1,(anonymous_4)
FNDA:1,(anonymous_5)
FNDA:1,(anonymous_6)
FNDA:6,(anonymous_7)
FNDA:5,(anonymous_8)
FNDA:5,(anonymous_9)
FNDA:1,(anonymous_10)
FNDA:1,(anonymous_11)
FNDA:1,(anonymous_12)
FNDA:1,(anonymous_13)
FNDA:1,(anonymous_14)
DA:11,1
DA:15,7
DA:17,7
DA:18,7
DA:19,7
DA:20,7
DA:25,7
DA:26,7
DA:27,7
DA:28,0
DA:31,1
DA:32,7
DA:33,7
DA:34,0
DA:36,7
DA:41,2
DA:42,2
DA:43,1
DA:44,1
DA:46,1
DA:50,6
DA:51,6
DA:52,5
DA:53,5
DA:55,1
DA:59,1
DA:60,1
DA:61,1
DA:62,1
DA:63,1
DA:66,1
DA:67,1
DA:68,1
DA:71,1
DA:72,1
DA:75,1
DA:76,1
DA:77,1
DA:79,1
LF:39
LH:37
BRDA:27,0,0,0
BRDA:27,0,1,7
BRDA:33,1,0,0
BRDA:33,1,1,7
BRF:4
BRH:2
end_of_record
TN:
SF:M:\UNIVERSIDAD\TFG\2019-LicenseManager\frontend\src\app\dialogs\confirmation-dialog\confirmation-dialog.component.ts
FN:9,(anonymous_0)
FN:13,ConfirmationDialogComponent
FN:22,(anonymous_2)
FN:25,(anonymous_3)
FN:29,(anonymous_4)
FN:35,(anonymous_5)
FNF:6
FNH:6
FNDA:1,(anonymous_0)
FNDA:4,ConfirmationDialogComponent
FNDA:4,(anonymous_2)
FNDA:1,(anonymous_3)
FNDA:1,(anonymous_4)
FNDA:1,(anonymous_5)
DA:9,1
DA:10,4
DA:13,4
DA:14,4
DA:15,4
DA:17,4
DA:18,4
DA:22,1
DA:25,1
DA:26,1
DA:29,1
DA:30,1
DA:31,1
DA:32,1
DA:35,1
DA:36,1
DA:37,1
DA:42,1
LF:18
LH:18
BRDA:14,0,0,4
BRDA:14,0,1,0
BRDA:17,1,0,4
BRDA:17,1,1,0
BRF:4
BRH:2
end_of_record
TN:
SF:M:\UNIVERSIDAD\TFG\2019-LicenseManager\frontend\src\app\userDashboard\userDashboard.component.ts
FN:17,(anonymous_0)
FN:33,UserDashboardComponent
FN:36,(anonymous_2)
FN:40,(anonymous_3)
FN:47,(anonymous_4)
FN:49,(anonymous_5)
FN:50,(anonymous_6)
FN:54,(anonymous_7)
FN:58,(anonymous_8)
FN:62,(anonymous_9)
FN:71,(anonymous_10)
FN:75,(anonymous_11)
FN:76,(anonymous_12)
FN:83,(anonymous_13)
FN:88,(anonymous_14)
FN:97,(anonymous_15)
FN:99,(anonymous_16)
FN:102,(anonymous_17)
FN:103,(anonymous_18)
FNF:19
FNH:19
FNDA:1,(anonymous_0)
FNDA:11,UserDashboardComponent
FNDA:11,(anonymous_2)
FNDA:11,(anonymous_3)
FNDA:13,(anonymous_4)
FNDA:12,(anonymous_5)
FNDA:1,(anonymous_6)
FNDA:1,(anonymous_7)
FNDA:1,(anonymous_8)
FNDA:3,(anonymous_9)
FNDA:3,(anonymous_10)
FNDA:2,(anonymous_11)
FNDA:1,(anonymous_12)
FNDA:1,(anonymous_13)
FNDA:1,(anonymous_14)
FNDA:2,(anonymous_15)
FNDA:2,(anonymous_16)
FNDA:1,(anonymous_17)
FNDA:1,(anonymous_18)
DA:17,1
DA:18,1
DA:24,11
DA:30,11
DA:33,11
DA:36,11
DA:37,11
DA:38,11
DA:39,11
DA:40,11
DA:41,11
DA:42,11
DA:47,13
DA:48,13
DA:49,12
DA:50,1
DA:54,1
DA:55,1
DA:58,1
DA:59,1
DA:62,3
DA:64,3
DA:65,1
DA:67,2
DA:69,3
DA:72,3
DA:73,3
DA:74,3
DA:75,2
DA:76,1
DA:83,1
DA:84,1
DA:85,1
DA:86,1
DA:87,1
DA:89,1
DA:90,1
DA:91,1
DA:97,2
DA:98,2
DA:100,2
DA:101,2
DA:102,1
DA:103,1
DA:111,1
LF:45
LH:45
BRDA:64,0,0,1
BRDA:64,0,1,2
BRDA:72,1,0,3
BRDA:72,1,1,0
BRDA:89,2,0,1
BRDA:89,2,1,0
BRDA:100,3,0,2
BRDA:100,3,1,0
BRF:8
BRH:5
end_of_record
TN:
SF:M:\UNIVERSIDAD\TFG\2019-LicenseManager\frontend\src\app\userProfile\userProfile.component.ts
FN:14,(anonymous_0)
FN:32,UserProfileComponent
FN:37,(anonymous_2)
FN:44,(anonymous_3)
FN:47,(anonymous_4)
FN:49,(anonymous_5)
FN:50,(anonymous_6)
FN:53,(anonymous_7)
FN:57,(anonymous_8)
FN:60,(anonymous_9)
FN:69,(anonymous_10)
FN:72,(anonymous_11)
FN:73,(anonymous_12)
FN:77,(anonymous_13)
FN:79,(anonymous_14)
FN:80,(anonymous_15)
FN:84,(anonymous_16)
FNF:17
FNH:17
FNDA:1,(anonymous_0)
FNDA:8,UserProfileComponent
FNDA:8,(anonymous_2)
FNDA:8,(anonymous_3)
FNDA:7,(anonymous_4)
FNDA:6,(anonymous_5)
FNDA:1,(anonymous_6)
FNDA:1,(anonymous_7)
FNDA:1,(anonymous_8)
FNDA:1,(anonymous_9)
FNDA:2,(anonymous_10)
FNDA:1,(anonymous_11)
FNDA:1,(anonymous_12)
FNDA:2,(anonymous_13)
FNDA:1,(anonymous_14)
FNDA:1,(anonymous_15)
FNDA:3,(anonymous_16)
DA:14,1
DA:19,8
DA:20,8
DA:22,8
DA:23,8
DA:24,8
DA:25,8
DA:26,8
DA:28,8
DA:29,8
DA:30,8
DA:32,8
DA:33,8
DA:37,1
DA:38,8
DA:39,8
DA:40,8
DA:44,8
DA:45,8
DA:46,8
DA:47,7
DA:48,7
DA:49,6
DA:50,1
DA:53,1
DA:57,1
DA:58,1
DA:61,1
DA:62,1
DA:69,2
DA:70,2
DA:71,2
DA:72,1
DA:73,1
DA:77,2
DA:78,2
DA:79,1
DA:80,1
DA:84,1
DA:85,3
DA:86,1
DA:87,2
DA:88,1
DA:89,1
DA:90,1
DA:95,1
LF:46
LH:46
BRDA:39,0,0,8
BRDA:39,0,1,0
BRDA:61,1,0,1
BRDA:61,1,1,0
BRDA:85,2,0,1
BRDA:85,2,1,2
BRDA:87,3,0,1
BRDA:87,3,1,1
BRDA:89,4,0,1
BRDA:89,4,1,0
BRF:10
BRH:7
end_of_record
TN:
SF:M:\UNIVERSIDAD\TFG\2019-LicenseManager\frontend\src\testing\dom-helper.ts
FN:4,(anonymous_0)
FN:8,DOMHelper
FN:13,(anonymous_2)
FN:17,(anonymous_3)
FN:21,(anonymous_4)
FN:25,(anonymous_5)
FN:31,(anonymous_6)
FN:33,(anonymous_7)
FNF:8
FNH:8
FNDA:1,(anonymous_0)
FNDA:76,DOMHelper
FNDA:12,(anonymous_2)
FNDA:8,(anonymous_3)
FNDA:12,(anonymous_4)
FNDA:15,(anonymous_5)
FNDA:3,(anonymous_6)
FNDA:12,(anonymous_7)
DA:4,1
DA:9,76
DA:13,1
DA:14,12
DA:17,1
DA:18,8
DA:21,1
DA:22,12
DA:25,1
DA:26,15
DA:28,15
DA:31,1
DA:32,3
DA:33,3
DA:34,12
DA:35,12
DA:36,6
DA:39,3
DA:43,1
LF:19
LH:19
BRDA:35,0,0,6
BRDA:35,0,1,6
BRF:2
BRH:2
end_of_record
